g:\lucas\_dev\vulkan-tutorial\vulkan-tutorial\obj\debug\vc143.pdb
g:\lucas\_dev\vulkan-tutorial\vulkan-tutorial\obj\debug\vc143.idb
g:\lucas\_dev\vulkan-tutorial\vulkan-tutorial\obj\debug\window.obj
g:\lucas\_dev\vulkan-tutorial\vulkan-tutorial\obj\debug\swapchain.obj
g:\lucas\_dev\vulkan-tutorial\vulkan-tutorial\obj\debug\renderer.obj
g:\lucas\_dev\vulkan-tutorial\vulkan-tutorial\obj\debug\model.obj
g:\lucas\_dev\vulkan-tutorial\vulkan-tutorial\obj\debug\main.obj
g:\lucas\_dev\vulkan-tutorial\vulkan-tutorial\obj\debug\lib_impl.obj
g:\lucas\_dev\vulkan-tutorial\vulkan-tutorial\obj\debug\helpers.obj
g:\lucas\_dev\vulkan-tutorial\vulkan-tutorial\obj\debug\device.obj
g:\lucas\_dev\vulkan-tutorial\vulkan-tutorial\obj\debug\camera.obj
g:\lucas\_dev\vulkan-tutorial\vulkan-tutorial\obj\debug\application.obj
g:\lucas\_dev\vulkan-tutorial\vulkan-tutorial\obj\debug\imgui_widgets.obj
g:\lucas\_dev\vulkan-tutorial\vulkan-tutorial\obj\debug\imgui_tables.obj
g:\lucas\_dev\vulkan-tutorial\vulkan-tutorial\obj\debug\imgui_impl_vulkan.obj
g:\lucas\_dev\vulkan-tutorial\vulkan-tutorial\obj\debug\imgui_impl_glfw.obj
g:\lucas\_dev\vulkan-tutorial\vulkan-tutorial\obj\debug\imgui_draw.obj
g:\lucas\_dev\vulkan-tutorial\vulkan-tutorial\obj\debug\imgui_demo.obj
g:\lucas\_dev\vulkan-tutorial\vulkan-tutorial\obj\debug\imgui.obj
g:\lucas\_dev\vulkan-tutorial\vulkan-tutorial\obj\debug\ottocento-engine.ilk
g:\lucas\_dev\vulkan-tutorial\vulkan-tutorial\bin\debug\ottocento-engine.exe
g:\lucas\_dev\vulkan-tutorial\vulkan-tutorial\bin\debug\ottocento-engine.pdb
g:\lucas\_dev\vulkan-tutorial\vulkan-tutorial\obj\debug\ottocento-engine.tlog\cl.command.1.tlog
g:\lucas\_dev\vulkan-tutorial\vulkan-tutorial\obj\debug\ottocento-engine.tlog\cl.items.tlog
g:\lucas\_dev\vulkan-tutorial\vulkan-tutorial\obj\debug\ottocento-engine.tlog\cl.read.1.tlog
g:\lucas\_dev\vulkan-tutorial\vulkan-tutorial\obj\debug\ottocento-engine.tlog\cl.write.1.tlog
g:\lucas\_dev\vulkan-tutorial\vulkan-tutorial\obj\debug\ottocento-engine.tlog\link.command.1.tlog
g:\lucas\_dev\vulkan-tutorial\vulkan-tutorial\obj\debug\ottocento-engine.tlog\link.read.1.tlog
g:\lucas\_dev\vulkan-tutorial\vulkan-tutorial\obj\debug\ottocento-engine.tlog\link.write.1.tlog
